<?xml version="1.0" encoding="UTF-8"?>
<!-- Generated by org.testng.reporters.JUnitReportReporter -->
<testsuite hostname="DESKTOP-O7S1KJB" failures="0" tests="1" name="GitAndGitHub.JenDemo" time="149.370" errors="0" timestamp="2023-05-23T14:51:43 IST" skipped="0">
  <testcase classname="GitAndGitHub.JenDemo" name="Test11" time="149.370"/>
  <system-out/>
</testsuite> <!-- GitAndGitHub.JenDemo -->
